Traceback (most recent call last):
  File "/opt/hostedtoolcache/Python/3.8.17/x64/lib/python3.8/site-packages/jupyter_cache/executors/utils.py", line 58, in single_nb_execution
    executenb(
  File "/opt/hostedtoolcache/Python/3.8.17/x64/lib/python3.8/site-packages/nbclient/client.py", line 1305, in execute
    return NotebookClient(nb=nb, resources=resources, km=km, **kwargs).execute()
  File "/opt/hostedtoolcache/Python/3.8.17/x64/lib/python3.8/site-packages/jupyter_core/utils/__init__.py", line 166, in wrapped
    return loop.run_until_complete(inner)
  File "/opt/hostedtoolcache/Python/3.8.17/x64/lib/python3.8/asyncio/base_events.py", line 616, in run_until_complete
    return future.result()
  File "/opt/hostedtoolcache/Python/3.8.17/x64/lib/python3.8/site-packages/nbclient/client.py", line 705, in async_execute
    await self.async_execute_cell(
  File "/opt/hostedtoolcache/Python/3.8.17/x64/lib/python3.8/site-packages/nbclient/client.py", line 1058, in async_execute_cell
    await self._check_raise_for_error(cell, cell_index, exec_reply)
  File "/opt/hostedtoolcache/Python/3.8.17/x64/lib/python3.8/site-packages/nbclient/client.py", line 914, in _check_raise_for_error
    raise CellExecutionError.from_cell_and_msg(cell, exec_reply_content)
nbclient.exceptions.CellExecutionError: An error occurred while executing the following cell:
------------------
ode2.get_transition_graph()
------------------


[0;31m---------------------------------------------------------------------------[0m
[0;31mFileNotFoundError[0m                         Traceback (most recent call last)
File [0;32m/opt/hostedtoolcache/Python/3.8.17/x64/lib/python3.8/site-packages/graphviz/backend/execute.py:79[0m, in [0;36mrun_check[0;34m(cmd, input_lines, encoding, quiet, **kwargs)[0m
[1;32m     78[0m         kwargs[[38;5;124m'[39m[38;5;124mstdout[39m[38;5;124m'[39m] [38;5;241m=[39m kwargs[[38;5;124m'[39m[38;5;124mstderr[39m[38;5;124m'[39m] [38;5;241m=[39m subprocess[38;5;241m.[39mPIPE
[0;32m---> 79[0m     proc [38;5;241m=[39m [43m_run_input_lines[49m[43m([49m[43mcmd[49m[43m,[49m[43m [49m[43minput_lines[49m[43m,[49m[43m [49m[43mkwargs[49m[38;5;241;43m=[39;49m[43mkwargs[49m[43m)[49m
[1;32m     80[0m [38;5;28;01melse[39;00m:

File [0;32m/opt/hostedtoolcache/Python/3.8.17/x64/lib/python3.8/site-packages/graphviz/backend/execute.py:99[0m, in [0;36m_run_input_lines[0;34m(cmd, input_lines, kwargs)[0m
[1;32m     98[0m [38;5;28;01mdef[39;00m [38;5;21m_run_input_lines[39m(cmd, input_lines, [38;5;241m*[39m, kwargs):
[0;32m---> 99[0m     popen [38;5;241m=[39m [43msubprocess[49m[38;5;241;43m.[39;49m[43mPopen[49m[43m([49m[43mcmd[49m[43m,[49m[43m [49m[43mstdin[49m[38;5;241;43m=[39;49m[43msubprocess[49m[38;5;241;43m.[39;49m[43mPIPE[49m[43m,[49m[43m [49m[38;5;241;43m*[39;49m[38;5;241;43m*[39;49m[43mkwargs[49m[43m)[49m
[1;32m    101[0m     stdin_write [38;5;241m=[39m popen[38;5;241m.[39mstdin[38;5;241m.[39mwrite

File [0;32m/opt/hostedtoolcache/Python/3.8.17/x64/lib/python3.8/subprocess.py:858[0m, in [0;36mPopen.__init__[0;34m(self, args, bufsize, executable, stdin, stdout, stderr, preexec_fn, close_fds, shell, cwd, env, universal_newlines, startupinfo, creationflags, restore_signals, start_new_session, pass_fds, encoding, errors, text)[0m
[1;32m    855[0m             [38;5;28mself[39m[38;5;241m.[39mstderr [38;5;241m=[39m io[38;5;241m.[39mTextIOWrapper([38;5;28mself[39m[38;5;241m.[39mstderr,
[1;32m    856[0m                     encoding[38;5;241m=[39mencoding, errors[38;5;241m=[39merrors)
[0;32m--> 858[0m     [38;5;28;43mself[39;49m[38;5;241;43m.[39;49m[43m_execute_child[49m[43m([49m[43margs[49m[43m,[49m[43m [49m[43mexecutable[49m[43m,[49m[43m [49m[43mpreexec_fn[49m[43m,[49m[43m [49m[43mclose_fds[49m[43m,[49m
[1;32m    859[0m [43m                        [49m[43mpass_fds[49m[43m,[49m[43m [49m[43mcwd[49m[43m,[49m[43m [49m[43menv[49m[43m,[49m
[1;32m    860[0m [43m                        [49m[43mstartupinfo[49m[43m,[49m[43m [49m[43mcreationflags[49m[43m,[49m[43m [49m[43mshell[49m[43m,[49m
[1;32m    861[0m [43m                        [49m[43mp2cread[49m[43m,[49m[43m [49m[43mp2cwrite[49m[43m,[49m
[1;32m    862[0m [43m                        [49m[43mc2pread[49m[43m,[49m[43m [49m[43mc2pwrite[49m[43m,[49m
[1;32m    863[0m [43m                        [49m[43merrread[49m[43m,[49m[43m [49m[43merrwrite[49m[43m,[49m
[1;32m    864[0m [43m                        [49m[43mrestore_signals[49m[43m,[49m[43m [49m[43mstart_new_session[49m[43m)[49m
[1;32m    865[0m [38;5;28;01mexcept[39;00m:
[1;32m    866[0m     [38;5;66;03m# Cleanup if the child failed starting.[39;00m

File [0;32m/opt/hostedtoolcache/Python/3.8.17/x64/lib/python3.8/subprocess.py:1720[0m, in [0;36mPopen._execute_child[0;34m(self, args, executable, preexec_fn, close_fds, pass_fds, cwd, env, startupinfo, creationflags, shell, p2cread, p2cwrite, c2pread, c2pwrite, errread, errwrite, restore_signals, start_new_session)[0m
[1;32m   1719[0m         err_msg [38;5;241m=[39m os[38;5;241m.[39mstrerror(errno_num)
[0;32m-> 1720[0m     [38;5;28;01mraise[39;00m child_exception_type(errno_num, err_msg, err_filename)
[1;32m   1721[0m [38;5;28;01mraise[39;00m child_exception_type(err_msg)

[0;31mFileNotFoundError[0m: [Errno 2] No such file or directory: PosixPath('dot')

The above exception was the direct cause of the following exception:

[0;31mExecutableNotFound[0m                        Traceback (most recent call last)
Cell [0;32mIn[4], line 1[0m
[0;32m----> 1[0m [43mode2[49m[38;5;241;43m.[39;49m[43mget_transition_graph[49m[43m([49m[43m)[49m

File [0;32m/opt/hostedtoolcache/Python/3.8.17/x64/lib/python3.8/site-packages/pygom-0.1.dev1+ga300153-py3.8-linux-x86_64.egg/pygom/model/deterministic.py:350[0m, in [0;36mDeterministicOde.get_transition_graph[0;34m(self, file_name, show)[0m
[1;32m    348[0m [38;5;28;01mimport[39;00m [38;5;21;01mmatplotlib[39;00m[38;5;21;01m.[39;00m[38;5;21;01mimage[39;00m [38;5;28;01mas[39;00m [38;5;21;01mmpimg[39;00m
[1;32m    349[0m [38;5;28;01mimport[39;00m [38;5;21;01mmatplotlib[39;00m[38;5;21;01m.[39;00m[38;5;21;01mpyplot[39;00m [38;5;28;01mas[39;00m [38;5;21;01mplt[39;00m
[0;32m--> 350[0m img [38;5;241m=[39m mpimg[38;5;241m.[39mimread(io[38;5;241m.[39mBytesIO([43mdot[49m[38;5;241;43m.[39;49m[43mpipe[49m[43m([49m[38;5;124;43m"[39;49m[38;5;124;43mpng[39;49m[38;5;124;43m"[39;49m[43m)[49m))
[1;32m    351[0m plt[38;5;241m.[39mimshow(img)
[1;32m    352[0m plt[38;5;241m.[39mshow(block[38;5;241m=[39m[38;5;28;01mFalse[39;00m)

File [0;32m/opt/hostedtoolcache/Python/3.8.17/x64/lib/python3.8/site-packages/graphviz/piping.py:104[0m, in [0;36mPipe.pipe[0;34m(self, format, renderer, formatter, neato_no_op, quiet, engine, encoding)[0m
[1;32m     55[0m [38;5;28;01mdef[39;00m [38;5;21mpipe[39m([38;5;28mself[39m,
[1;32m     56[0m          [38;5;28mformat[39m: typing[38;5;241m.[39mOptional[[38;5;28mstr[39m] [38;5;241m=[39m [38;5;28;01mNone[39;00m,
[1;32m     57[0m          renderer: typing[38;5;241m.[39mOptional[[38;5;28mstr[39m] [38;5;241m=[39m [38;5;28;01mNone[39;00m,
[0;32m   (...)[0m
[1;32m     61[0m          engine: typing[38;5;241m.[39mOptional[[38;5;28mstr[39m] [38;5;241m=[39m [38;5;28;01mNone[39;00m,
[1;32m     62[0m          encoding: typing[38;5;241m.[39mOptional[[38;5;28mstr[39m] [38;5;241m=[39m [38;5;28;01mNone[39;00m) [38;5;241m-[39m[38;5;241m>[39m typing[38;5;241m.[39mUnion[[38;5;28mbytes[39m, [38;5;28mstr[39m]:
[1;32m     63[0m [38;5;250m    [39m[38;5;124;03m"""Return the source piped through the Graphviz layout command.[39;00m
[1;32m     64[0m 
[1;32m     65[0m [38;5;124;03m    Args:[39;00m
[0;32m   (...)[0m
[1;32m    102[0m [38;5;124;03m        '<?xml version='[39;00m
[1;32m    103[0m [38;5;124;03m    """[39;00m
[0;32m--> 104[0m     [38;5;28;01mreturn[39;00m [38;5;28;43mself[39;49m[38;5;241;43m.[39;49m[43m_pipe_legacy[49m[43m([49m[38;5;28;43mformat[39;49m[43m,[49m
[1;32m    105[0m [43m                             [49m[43mrenderer[49m[38;5;241;43m=[39;49m[43mrenderer[49m[43m,[49m
[1;32m    106[0m [43m                             [49m[43mformatter[49m[38;5;241;43m=[39;49m[43mformatter[49m[43m,[49m
[1;32m    107[0m [43m                             [49m[43mneato_no_op[49m[38;5;241;43m=[39;49m[43mneato_no_op[49m[43m,[49m
[1;32m    108[0m [43m                             [49m[43mquiet[49m[38;5;241;43m=[39;49m[43mquiet[49m[43m,[49m
[1;32m    109[0m [43m                             [49m[43mengine[49m[38;5;241;43m=[39;49m[43mengine[49m[43m,[49m
[1;32m    110[0m [43m                             [49m[43mencoding[49m[38;5;241;43m=[39;49m[43mencoding[49m[43m)[49m

File [0;32m/opt/hostedtoolcache/Python/3.8.17/x64/lib/python3.8/site-packages/graphviz/_tools.py:171[0m, in [0;36mdeprecate_positional_args.<locals>.decorator.<locals>.wrapper[0;34m(*args, **kwargs)[0m
[1;32m    162[0m     wanted [38;5;241m=[39m [38;5;124m'[39m[38;5;124m, [39m[38;5;124m'[39m[38;5;241m.[39mjoin([38;5;124mf[39m[38;5;124m'[39m[38;5;132;01m{[39;00mname[38;5;132;01m}[39;00m[38;5;124m=[39m[38;5;132;01m{[39;00mvalue[38;5;132;01m!r}[39;00m[38;5;124m'[39m
[1;32m    163[0m                        [38;5;28;01mfor[39;00m name, value [38;5;129;01min[39;00m deprecated[38;5;241m.[39mitems())
[1;32m    164[0m     warnings[38;5;241m.[39mwarn([38;5;124mf[39m[38;5;124m'[39m[38;5;124mThe signature of [39m[38;5;132;01m{[39;00mfunc[38;5;241m.[39m[38;5;18m__name__[39m[38;5;132;01m}[39;00m[38;5;124m will be reduced[39m[38;5;124m'[39m
[1;32m    165[0m                   [38;5;124mf[39m[38;5;124m'[39m[38;5;124m to [39m[38;5;132;01m{[39;00msupported_number[38;5;132;01m}[39;00m[38;5;124m positional args[39m[38;5;124m'[39m
[1;32m    166[0m                   [38;5;124mf[39m[38;5;124m'[39m[38;5;124m [39m[38;5;132;01m{[39;00m[38;5;28mlist[39m(supported)[38;5;132;01m}[39;00m[38;5;124m: pass [39m[38;5;132;01m{[39;00mwanted[38;5;132;01m}[39;00m[38;5;124m'[39m
[1;32m    167[0m                   [38;5;124m'[39m[38;5;124m as keyword arg(s)[39m[38;5;124m'[39m,
[1;32m    168[0m                   stacklevel[38;5;241m=[39mstacklevel,
[1;32m    169[0m                   category[38;5;241m=[39mcategory)
[0;32m--> 171[0m [38;5;28;01mreturn[39;00m [43mfunc[49m[43m([49m[38;5;241;43m*[39;49m[43margs[49m[43m,[49m[43m [49m[38;5;241;43m*[39;49m[38;5;241;43m*[39;49m[43mkwargs[49m[43m)[49m

File [0;32m/opt/hostedtoolcache/Python/3.8.17/x64/lib/python3.8/site-packages/graphviz/piping.py:121[0m, in [0;36mPipe._pipe_legacy[0;34m(self, format, renderer, formatter, neato_no_op, quiet, engine, encoding)[0m
[1;32m    112[0m [38;5;129m@_tools[39m[38;5;241m.[39mdeprecate_positional_args(supported_number[38;5;241m=[39m[38;5;241m2[39m)
[1;32m    113[0m [38;5;28;01mdef[39;00m [38;5;21m_pipe_legacy[39m([38;5;28mself[39m,
[1;32m    114[0m                  [38;5;28mformat[39m: typing[38;5;241m.[39mOptional[[38;5;28mstr[39m] [38;5;241m=[39m [38;5;28;01mNone[39;00m,
[0;32m   (...)[0m
[1;32m    119[0m                  engine: typing[38;5;241m.[39mOptional[[38;5;28mstr[39m] [38;5;241m=[39m [38;5;28;01mNone[39;00m,
[1;32m    120[0m                  encoding: typing[38;5;241m.[39mOptional[[38;5;28mstr[39m] [38;5;241m=[39m [38;5;28;01mNone[39;00m) [38;5;241m-[39m[38;5;241m>[39m typing[38;5;241m.[39mUnion[[38;5;28mbytes[39m, [38;5;28mstr[39m]:
[0;32m--> 121[0m     [38;5;28;01mreturn[39;00m [38;5;28;43mself[39;49m[38;5;241;43m.[39;49m[43m_pipe_future[49m[43m([49m[38;5;28;43mformat[39;49m[43m,[49m
[1;32m    122[0m [43m                             [49m[43mrenderer[49m[38;5;241;43m=[39;49m[43mrenderer[49m[43m,[49m
[1;32m    123[0m [43m                             [49m[43mformatter[49m[38;5;241;43m=[39;49m[43mformatter[49m[43m,[49m
[1;32m    124[0m [43m                             [49m[43mneato_no_op[49m[38;5;241;43m=[39;49m[43mneato_no_op[49m[43m,[49m
[1;32m    125[0m [43m                             [49m[43mquiet[49m[38;5;241;43m=[39;49m[43mquiet[49m[43m,[49m
[1;32m    126[0m [43m                             [49m[43mengine[49m[38;5;241;43m=[39;49m[43mengine[49m[43m,[49m
[1;32m    127[0m [43m                             [49m[43mencoding[49m[38;5;241;43m=[39;49m[43mencoding[49m[43m)[49m

File [0;32m/opt/hostedtoolcache/Python/3.8.17/x64/lib/python3.8/site-packages/graphviz/piping.py:161[0m, in [0;36mPipe._pipe_future[0;34m(self, format, renderer, formatter, neato_no_op, quiet, engine, encoding)[0m
[1;32m    159[0m     [38;5;28;01melse[39;00m:
[1;32m    160[0m         [38;5;28;01mreturn[39;00m raw[38;5;241m.[39mdecode(encoding)
[0;32m--> 161[0m [38;5;28;01mreturn[39;00m [38;5;28;43mself[39;49m[38;5;241;43m.[39;49m[43m_pipe_lines[49m[43m([49m[38;5;241;43m*[39;49m[43margs[49m[43m,[49m[43m [49m[43minput_encoding[49m[38;5;241;43m=[39;49m[38;5;28;43mself[39;49m[38;5;241;43m.[39;49m[43mencoding[49m[43m,[49m[43m [49m[38;5;241;43m*[39;49m[38;5;241;43m*[39;49m[43mkwargs[49m[43m)[49m

File [0;32m/opt/hostedtoolcache/Python/3.8.17/x64/lib/python3.8/site-packages/graphviz/backend/piping.py:161[0m, in [0;36mpipe_lines[0;34m(engine, format, input_lines, input_encoding, renderer, formatter, neato_no_op, quiet)[0m
[1;32m    155[0m cmd [38;5;241m=[39m dot_command[38;5;241m.[39mcommand(engine, [38;5;28mformat[39m,
[1;32m    156[0m                           renderer[38;5;241m=[39mrenderer,
[1;32m    157[0m                           formatter[38;5;241m=[39mformatter,
[1;32m    158[0m                           neato_no_op[38;5;241m=[39mneato_no_op)
[1;32m    159[0m kwargs [38;5;241m=[39m {[38;5;124m'[39m[38;5;124minput_lines[39m[38;5;124m'[39m: (line[38;5;241m.[39mencode(input_encoding) [38;5;28;01mfor[39;00m line [38;5;129;01min[39;00m input_lines)}
[0;32m--> 161[0m proc [38;5;241m=[39m [43mexecute[49m[38;5;241;43m.[39;49m[43mrun_check[49m[43m([49m[43mcmd[49m[43m,[49m[43m [49m[43mcapture_output[49m[38;5;241;43m=[39;49m[38;5;28;43;01mTrue[39;49;00m[43m,[49m[43m [49m[43mquiet[49m[38;5;241;43m=[39;49m[43mquiet[49m[43m,[49m[43m [49m[38;5;241;43m*[39;49m[38;5;241;43m*[39;49m[43mkwargs[49m[43m)[49m
[1;32m    162[0m [38;5;28;01mreturn[39;00m proc[38;5;241m.[39mstdout

File [0;32m/opt/hostedtoolcache/Python/3.8.17/x64/lib/python3.8/site-packages/graphviz/backend/execute.py:84[0m, in [0;36mrun_check[0;34m(cmd, input_lines, encoding, quiet, **kwargs)[0m
[1;32m     82[0m [38;5;28;01mexcept[39;00m [38;5;167;01mOSError[39;00m [38;5;28;01mas[39;00m e:
[1;32m     83[0m     [38;5;28;01mif[39;00m e[38;5;241m.[39merrno [38;5;241m==[39m errno[38;5;241m.[39mENOENT:
[0;32m---> 84[0m         [38;5;28;01mraise[39;00m ExecutableNotFound(cmd) [38;5;28;01mfrom[39;00m [38;5;21;01me[39;00m
[1;32m     85[0m     [38;5;28;01mraise[39;00m
[1;32m     87[0m [38;5;28;01mif[39;00m [38;5;129;01mnot[39;00m quiet [38;5;129;01mand[39;00m proc[38;5;241m.[39mstderr:

[0;31mExecutableNotFound[0m: failed to execute PosixPath('dot'), make sure the Graphviz executables are on your systems' PATH

